<?xml version="1.0" encoding="UTF-8"?>
<!-- Generated by org.testng.reporters.JUnitXMLReporter -->
<testsuite hostname="DESKTOP-9UPLSBP" ignored="0" name="Product Details Page Tests" tests="2" failures="0" timestamp="01 Nov 2017 17:51:21 GMT" time="63.667" errors="0">
  <testcase name="verifyProductTitle" time="14.06" classname="com.test.automation.uiAutomation.productDetailsPage.TC001_VerifyProductTitle"/>
  <testcase name="verifyFacebookShareLink" time="7.589" classname="com.test.automation.uiAutomation.productDetailsPage.TC002_VerifyFacebookShareLink"/>
</testsuite> <!-- Product Details Page Tests -->
