<?xml version="1.0" encoding="UTF-8"?>
<!-- Generated by org.testng.reporters.JUnitXMLReporter -->
<testsuite hostname="DESKTOP-9UPLSBP" ignored="0" name="Register Page Tests" tests="11" failures="1" timestamp="27 Oct 2017 17:53:07 GMT" time="291.987" errors="0">
  <testcase name="verifyLoginWithInvalidCredentials" time="39.269" classname="com.test.automation.uiAutomation.registerPage.TC003_VerifyLoginWithDifferentCredentials"/>
  <testcase name="verifyLoginWithInvalidCredentials" time="19.491" classname="com.test.automation.uiAutomation.registerPage.TC003_VerifyLoginWithDifferentCredentials">
    <skipped/>
  </testcase> <!-- verifyLoginWithInvalidCredentials -->
  <testcase name="verifyLoginWithInvalidCredentials" time="19.501" classname="com.test.automation.uiAutomation.registerPage.TC003_VerifyLoginWithDifferentCredentials">
    <skipped/>
  </testcase> <!-- verifyLoginWithInvalidCredentials -->
  <testcase name="verifyLoginWithInvalidCredentials" time="20.389" classname="com.test.automation.uiAutomation.registerPage.TC003_VerifyLoginWithDifferentCredentials">
    <skipped/>
  </testcase> <!-- verifyLoginWithInvalidCredentials -->
  <testcase name="verifyLoginWithInvalidCredentials" time="19.115" classname="com.test.automation.uiAutomation.registerPage.TC003_VerifyLoginWithDifferentCredentials">
    <failure type="java.lang.AssertionError" message="expected [true] but found [false]">
      <![CDATA[java.lang.AssertionError: expected [true] but found [false]
	at com.test.automation.uiAutomation.registerPage.TC003_VerifyLoginWithDifferentCredentials.verifyLoginWithInvalidCredentials(TC003_VerifyLoginWithDifferentCredentials.java:51)
... Removed 31 stack frames]]>
    </failure>
  </testcase> <!-- verifyLoginWithInvalidCredentials -->
  <testcase name="verifyLoginWithInvalidCredentials" time="37.395" classname="com.test.automation.uiAutomation.registerPage.TC003_VerifyLoginWithDifferentCredentials"/>
  <testcase name="verifyLoginWithInvalidCredentials" time="37.335" classname="com.test.automation.uiAutomation.registerPage.TC003_VerifyLoginWithDifferentCredentials"/>
  <testcase name="verifyLoginWithInvalidCredentials" time="38.211" classname="com.test.automation.uiAutomation.registerPage.TC003_VerifyLoginWithDifferentCredentials"/>
  <testcase name="verifyLoginWithInvalidCredentials" time="37.37" classname="com.test.automation.uiAutomation.registerPage.TC003_VerifyLoginWithDifferentCredentials"/>
  <testcase name="verifyLoginWithInvalidCredentials" time="0.003" classname="com.test.automation.uiAutomation.registerPage.TC003_VerifyLoginWithDifferentCredentials">
    <skipped/>
  </testcase> <!-- verifyLoginWithInvalidCredentials -->
  <testcase name="verifyLoginWithInvalidCredentials" time="0.003" classname="com.test.automation.uiAutomation.registerPage.TC003_VerifyLoginWithDifferentCredentials">
    <skipped/>
  </testcase> <!-- verifyLoginWithInvalidCredentials -->
</testsuite> <!-- Register Page Tests -->
