<?xml version="1.0" encoding="UTF-8"?>
<!-- Generated by org.testng.reporters.JUnitXMLReporter -->
<testsuite hostname="DESKTOP-9UPLSBP" ignored="0" name="Register Page Tests" tests="9" failures="1" timestamp="08 Nov 2017 11:00:15 GMT" time="313.167" errors="0">
  <testcase name="verifyLoginWithInvalidCredentials" time="9.767" classname="com.test.automation.uiAutomation.registerPage.TC001_VerifyLoginWithInvalidCredentials"/>
  <testcase name="verfiyRegistration" time="26.375" classname="com.test.automation.uiAutomation.registerPage.TC002_VerfiyRegistration"/>
  <testcase name="verifyLoginWithInvalidCredentials" time="37.182" classname="com.test.automation.uiAutomation.registerPage.TC003_VerifyLoginWithDifferentCredentials"/>
  <testcase name="verifyLoginWithInvalidCredentials" time="19.291" classname="com.test.automation.uiAutomation.registerPage.TC003_VerifyLoginWithDifferentCredentials">
    <failure type="java.lang.AssertionError" message="expected [true] but found [false]">
      <![CDATA[java.lang.AssertionError: expected [true] but found [false]
	at com.test.automation.uiAutomation.registerPage.TC003_VerifyLoginWithDifferentCredentials.verifyLoginWithInvalidCredentials(TC003_VerifyLoginWithDifferentCredentials.java:51)
... Removed 31 stack frames]]>
    </failure>
  </testcase> <!-- verifyLoginWithInvalidCredentials -->
  <testcase name="verifyLoginWithInvalidCredentials" time="36.854" classname="com.test.automation.uiAutomation.registerPage.TC003_VerifyLoginWithDifferentCredentials"/>
  <testcase name="verifyLoginWithInvalidCredentials" time="36.932" classname="com.test.automation.uiAutomation.registerPage.TC003_VerifyLoginWithDifferentCredentials"/>
  <testcase name="verifyLoginWithInvalidCredentials" time="37.897" classname="com.test.automation.uiAutomation.registerPage.TC003_VerifyLoginWithDifferentCredentials"/>
  <testcase name="verifyLoginWithInvalidCredentials" time="36.675" classname="com.test.automation.uiAutomation.registerPage.TC003_VerifyLoginWithDifferentCredentials"/>
  <testcase name="verifyLoginWithInvalidCredentials" time="0.003" classname="com.test.automation.uiAutomation.registerPage.TC003_VerifyLoginWithDifferentCredentials">
    <skipped/>
  </testcase> <!-- verifyLoginWithInvalidCredentials -->
</testsuite> <!-- Register Page Tests -->
